<?xml version="1.0" encoding="UTF-8"?>
<testsuite xmlns:xsi="http://www.w3.org/2001/XMLSchema-instance" xsi:noNamespaceSchemaLocation="https://maven.apache.org/surefire/maven-surefire-plugin/xsd/surefire-test-report.xsd" version="3.0.2" name="com.example.demo.EstoqueServiceTests" time="0.052" tests="5" errors="0" skipped="0" failures="0" flakes="0">
  <properties>
[...]
</properties>
  <testcase name="deveAtualizarQuantidadeDoEstoque" classname="com.example.demo.EstoqueServiceTests" time="0.009">
    <system-out><![CDATA[2026-09-13T14:13:57.681-03:00  INFO 4408 --- [estoque-api] [           main] t.c.s.AnnotationConfigContextLoaderUtils : Could not detect default configuration classes for test class [com.example.demo.EstoqueServiceTests]: EstoqueServiceTests does not declare any static, non-private, non-final, nested classes annotated with @Configuration.
2026-09-13T14:13:57.684-03:00  INFO 4408 --- [estoque-api] [           main] .b.t.c.SpringBootTestContextBootstrapper : Found @SpringBootConfiguration com.example.demo.DemoApplication for test class com.example.demo.EstoqueServiceTests
2026-09-13T14:13:57.684-03:00  INFO 4408 --- [estoque-api] [           main] t.c.s.AnnotationConfigContextLoaderUtils : Could not detect default configuration classes for test class [com.example.demo.EstoqueServiceTests]: EstoqueServiceTests does not declare any static, non-private, non-final, nested classes annotated with @Configuration.
2026-09-13T14:13:57.685-03:00  INFO 4408 --- [estoque-api] [           main] .b.t.c.SpringBootTestContextBootstrapper : Found @SpringBootConfiguration com.example.demo.DemoApplication for test class com.example.demo.EstoqueServiceTests
]]></system-out>
  </testcase>
  <testcase name="deveDarBaixaNoEstoque" classname="com.example.demo.EstoqueServiceTests" time="0.008"/>
  <testcase name="devePermitirEstoqueZerado" classname="com.example.demo.EstoqueServiceTests" time="0.007"/>
  <testcase name="naoDevePermitirVendaMaiorQueEstoque" classname="com.example.demo.EstoqueServiceTests" time="0.007"/>
  <testcase name="naoDevePermitirEstoqueNegativo" classname="com.example.demo.EstoqueServiceTests" time="0.004"/>
</testsuite>